<?xml version="1.0" encoding="UTF-8"?>
<!-- Generated by org.testng.reporters.JUnitReportReporter -->
<testsuite skipped="0" hostname="Shiva" name="demo.project_today.LaunchBrowser" tests="1" failures="0" timestamp="2022-01-02T17:23:10 IST" time="331.924" errors="0">
  <testcase name="browserLaunch" time="331.924" classname="demo.project_today.LaunchBrowser"/>
  <system-out/>
</testsuite> <!-- demo.project_today.LaunchBrowser -->
