<?xml version="1.0" encoding="UTF-8"?>
<!-- Generated by org.testng.reporters.JUnitReportReporter -->
<testsuite skipped="0" hostname="Shiva" name="demo.project_today.TestDemo3" tests="1" failures="0" timestamp="2022-01-02T17:23:10 IST" time="0.003" errors="0">
  <testcase name="demo3" time="0.003" classname="demo.project_today.TestDemo3"/>
  <system-out/>
</testsuite> <!-- demo.project_today.TestDemo3 -->
